"C:/Users/Govan/Documents/Unreal Projects/iconiccubegame/Content/IconicCubeGame/UI/Fonts/FF_Galindo.uasset" 0
"C:/Users/Govan/Documents/Unreal Projects/iconiccubegame/Content/IconicCubeGame/UI/Fonts/FF_Galindo.uexp" 1
"C:/Users/Govan/Documents/Unreal Projects/iconiccubegame/Content/IconicCubeGame/UI/Fonts/FF_Galindo.ufont" 2
"C:/Users/Govan/Documents/Unreal Projects/iconiccubegame/Content/IconicCubeGame/UI/Fonts/F_Galindo_Regular.uasset" 3
"C:/Users/Govan/Documents/Unreal Projects/iconiccubegame/Content/IconicCubeGame/UI/Fonts/F_Galindo_Regular.uexp" 4
"../../../Engine/Content/Functions/Engine_MaterialFunctions01/Opacity/CameraDepthFade.uasset" 5
"../../../Engine/Content/Functions/Engine_MaterialFunctions01/Opacity/CameraDepthFade.uexp" 6
"../../../Engine/Content/EngineMaterials/T_Default_Material_Grid_M.uasset" 7
"../../../Engine/Content/EngineMaterials/T_Default_Material_Grid_M.uexp" 8
"../../../Engine/Content/EngineMaterials/T_Default_Material_Grid_M.ubulk" 9
"../../../Engine/Content/EngineMaterials/T_Default_Material_Grid_N.uasset" 10
"../../../Engine/Content/EngineMaterials/T_Default_Material_Grid_N.uexp" 11
"../../../Engine/Content/EngineMaterials/T_Default_Material_Grid_N.ubulk" 12
"../../../Engine/Content/EngineMaterials/WorldGridMaterial.uasset" 13
"../../../Engine/Content/EngineMaterials/WorldGridMaterial.uexp" 14
"../../../Engine/Content/ArtTools/RenderToTexture/Meshes/S_1_Unit_Plane.uasset" 15
"../../../Engine/Content/ArtTools/RenderToTexture/Meshes/S_1_Unit_Plane.uexp" 16
"../../../Engine/Content/EngineMaterials/DefaultMaterial.uasset" 17
"../../../Engine/Content/EngineMaterials/DefaultMaterial.uexp" 18
"../../../Engine/Content/BasicShapes/Cone.uasset" 19
"../../../Engine/Content/BasicShapes/Cone.uexp" 20
"../../../Engine/Content/BasicShapes/Cube.uasset" 21
"../../../Engine/Content/BasicShapes/Cube.uexp" 22
"../../../Engine/Content/BasicShapes/Plane.uasset" 23
"../../../Engine/Content/BasicShapes/Plane.uexp" 24
"../../../Engine/Content/BasicShapes/Sphere.uasset" 25
"../../../Engine/Content/BasicShapes/Sphere.uexp" 26
"../../../Engine/Content/EditorLandscapeResources/DataLayer.uasset" 27
"../../../Engine/Content/EditorLandscapeResources/DataLayer.uexp" 28
"../../../Engine/Content/EditorLandscapeResources/DefaultAlphaTexture.uasset" 29
"../../../Engine/Content/EditorLandscapeResources/DefaultAlphaTexture.uexp" 30
"../../../Engine/Content/EditorMaterials/MAT_Groups_Toggle.uasset" 31
"../../../Engine/Content/EditorMaterials/MAT_Groups_Toggle.uexp" 32
"../../../Engine/Content/EditorMaterials/MAT_Groups_Visibility.uasset" 33
"../../../Engine/Content/EditorMaterials/MAT_Groups_Visibility.uexp" 34
"../../../Engine/Content/EditorMaterials/PreviewShadowIndicator.uasset" 35
"../../../Engine/Content/EditorMaterials/PreviewShadowIndicator.uexp" 36
"../../../Engine/Content/EditorMaterials/PreviewShadowIndicator.ubulk" 37
"../../../Engine/Content/EditorMaterials/PreviewShadowIndicatorMaterial.uasset" 38
"../../../Engine/Content/EditorMaterials/PreviewShadowIndicatorMaterial.uexp" 39
"../../../Engine/Content/EditorMaterials/MatineeGroups/MAT_ColorTrack.uasset" 40
"../../../Engine/Content/EditorMaterials/MatineeGroups/MAT_ColorTrack.uexp" 41
"../../../Engine/Content/EditorMaterials/MatineeGroups/MAT_Groups_Anim.uasset" 42
"../../../Engine/Content/EditorMaterials/MatineeGroups/MAT_Groups_Anim.uexp" 43
"../../../Engine/Content/EditorMaterials/MatineeGroups/MAT_Groups_AudioMaster.uasset" 44
"../../../Engine/Content/EditorMaterials/MatineeGroups/MAT_Groups_AudioMaster.uexp" 45
"../../../Engine/Content/EditorMaterials/MatineeGroups/MAT_Groups_Director.uasset" 46
"../../../Engine/Content/EditorMaterials/MatineeGroups/MAT_Groups_Director.uexp" 47
"../../../Engine/Content/EditorMaterials/MatineeGroups/MAT_Groups_Event.uasset" 48
"../../../Engine/Content/EditorMaterials/MatineeGroups/MAT_Groups_Event.uexp" 49
"../../../Engine/Content/EditorMaterials/MatineeGroups/MAT_Groups_Fade.uasset" 50
"../../../Engine/Content/EditorMaterials/MatineeGroups/MAT_Groups_Fade.uexp" 51
"../../../Engine/Content/EditorMaterials/MatineeGroups/MAT_Groups_Float.uasset" 52
"../../../Engine/Content/EditorMaterials/MatineeGroups/MAT_Groups_Float.uexp" 53
"../../../Engine/Content/EditorMaterials/MatineeGroups/MAT_Groups_Move.uasset" 54
"../../../Engine/Content/EditorMaterials/MatineeGroups/MAT_Groups_Move.uexp" 55
"../../../Engine/Content/EditorMaterials/MatineeGroups/MAT_Groups_Slomo.uasset" 56
"../../../Engine/Content/EditorMaterials/MatineeGroups/MAT_Groups_Slomo.uexp" 57
"../../../Engine/Content/EditorMaterials/MatineeGroups/MAT_Groups_Sound.uasset" 58
"../../../Engine/Content/EditorMaterials/MatineeGroups/MAT_Groups_Sound.uexp" 59
"../../../Engine/Content/EditorMaterials/MatineeGroups/MAT_Groups_Vector.uasset" 60
"../../../Engine/Content/EditorMaterials/MatineeGroups/MAT_Groups_Vector.uexp" 61
"../../../Engine/Content/EditorMaterials/ParticleSystems/PSysThumbnail_NoImage.uasset" 62
"../../../Engine/Content/EditorMaterials/ParticleSystems/PSysThumbnail_NoImage.uexp" 63
"../../../Engine/Content/EditorMaterials/ParticleSystems/PSysThumbnail_NoImage.ubulk" 64
"../../../Engine/Content/EditorMaterials/ParticleSystems/PSysThumbnail_OOD.uasset" 65
"../../../Engine/Content/EditorMaterials/ParticleSystems/PSysThumbnail_OOD.uexp" 66
"../../../Engine/Content/EditorMaterials/ParticleSystems/PSysThumbnail_OOD.ubulk" 67
"../../../Engine/Content/EditorMaterials/Camera/CineMat.uasset" 68
"../../../Engine/Content/EditorMaterials/Camera/CineMat.uexp" 69
"../../../Engine/Content/EditorMaterials/Camera/MI_CineMat_Rig.uasset" 70
"../../../Engine/Content/EditorMaterials/Camera/MI_CineMat_Rig.uexp" 71
"../../../Engine/Content/EditorMeshes/Camera/SM_CraneRig_Arm.uasset" 72
"../../../Engine/Content/EditorMeshes/Camera/SM_CraneRig_Arm.uexp" 73
"../../../Engine/Content/EditorMeshes/Camera/SM_CraneRig_Base.uasset" 74
"../../../Engine/Content/EditorMeshes/Camera/SM_CraneRig_Base.uexp" 75
"../../../Engine/Content/EditorMeshes/Camera/SM_CraneRig_Body.uasset" 76
"../../../Engine/Content/EditorMeshes/Camera/SM_CraneRig_Body.uexp" 77
"../../../Engine/Content/EditorMeshes/Camera/SM_CraneRig_Mount.uasset" 78
"../../../Engine/Content/EditorMeshes/Camera/SM_CraneRig_Mount.uexp" 79
"../../../Engine/Content/EditorMeshes/Camera/SM_RailRig_Mount.uasset" 80
"../../../Engine/Content/EditorMeshes/Camera/SM_RailRig_Mount.uexp" 81
"../../../Engine/Content/EditorMeshes/Camera/SM_RailRig_Track.uasset" 82
"../../../Engine/Content/EditorMeshes/Camera/SM_RailRig_Track.uexp" 83
"../../../Engine/Content/EditorResources/BSPVertex.uasset" 84
"../../../Engine/Content/EditorResources/BSPVertex.uexp" 85
"../../../Engine/Content/EditorResources/S_Actor.uasset" 86
"../../../Engine/Content/EditorResources/S_Actor.uexp" 87
"../../../Engine/Content/EditorResources/S_Actor.ubulk" 88
"../../../Engine/Content/EditorResources/S_Note.uasset" 89
"../../../Engine/Content/EditorResources/S_Note.uexp" 90
"../../../Engine/Content/EditorResources/S_Note.ubulk" 91
"../../../Engine/Content/EditorResources/S_Solver.uasset" 92
"../../../Engine/Content/EditorResources/S_Solver.uexp" 93
"../../../Engine/Content/EditorResources/S_Solver.ubulk" 94
"../../../Engine/Content/EditorResources/S_Terrain.uasset" 95
"../../../Engine/Content/EditorResources/S_Terrain.uexp" 96
"../../../Engine/Content/EditorResources/S_Terrain.ubulk" 97
"../../../Engine/Content/EditorResources/S_Trigger.uasset" 98
"../../../Engine/Content/EditorResources/S_Trigger.uexp" 99
"../../../Engine/Content/EditorResources/S_Trigger.ubulk" 100
"../../../Engine/Content/EditorResources/LightIcons/S_LightError.uasset" 101
"../../../Engine/Content/EditorResources/LightIcons/S_LightError.uexp" 102
"../../../Engine/Content/EditorResources/SequenceRecorder/Countdown.uasset" 103
"../../../Engine/Content/EditorResources/SequenceRecorder/Countdown.uexp" 104
"../../../Engine/Content/EditorResources/SequenceRecorder/RecordingIndicator.uasset" 105
"../../../Engine/Content/EditorResources/SequenceRecorder/RecordingIndicator.uexp" 106
"../../../Engine/Content/EngineDamageTypes/DmgTypeBP_Environmental.uasset" 107
"../../../Engine/Content/EngineDamageTypes/DmgTypeBP_Environmental.uexp" 108
"../../../Engine/Content/EngineDebugMaterials/DebugEditorMaterial.uasset" 109
"../../../Engine/Content/EngineDebugMaterials/DebugEditorMaterial.uexp" 110
"../../../Engine/Content/EngineDebugMaterials/DebugMeshMaterial.uasset" 111
"../../../Engine/Content/EngineDebugMaterials/DebugMeshMaterial.uexp" 112
"../../../Engine/Content/EngineDebugMaterials/M_SimpleUnlitTranslucent.uasset" 113
"../../../Engine/Content/EngineDebugMaterials/M_SimpleUnlitTranslucent.uexp" 114
"../../../Engine/Content/EngineDebugMaterials/VolumeToRender.uasset" 115
"../../../Engine/Content/EngineDebugMaterials/VolumeToRender.uexp" 116
"../../../Engine/Content/Functions/Engine_MaterialFunctions02/Utility/CameraDirectionVector.uasset" 117
"../../../Engine/Content/Functions/Engine_MaterialFunctions02/Utility/CameraDirectionVector.uexp" 118
"../../../Engine/Content/EngineDebugMaterials/M_VolumeRenderSphereTracePP.uasset" 119
"../../../Engine/Content/EngineDebugMaterials/M_VolumeRenderSphereTracePP.uexp" 120
"../../../Engine/Content/Functions/Engine_MaterialFunctions01/Shading/ConvertFromDiffSpec.uasset" 121
"../../../Engine/Content/Functions/Engine_MaterialFunctions01/Shading/ConvertFromDiffSpec.uexp" 122
"../../../Engine/Content/EngineDebugMaterials/VertexColorMaterial.uasset" 123
"../../../Engine/Content/EngineDebugMaterials/VertexColorMaterial.uexp" 124
"../../../Engine/Content/EngineDebugMaterials/WireframeMaterial.uasset" 125
"../../../Engine/Content/EngineDebugMaterials/WireframeMaterial.uexp" 126
"../../../Engine/Content/EngineFonts/Faces/RobotoRegular.uasset" 127
"../../../Engine/Content/EngineFonts/Faces/RobotoRegular.uexp" 128
"../../../Engine/Content/EngineFonts/Faces/RobotoRegular.ufont" 129
"../../../Engine/Content/EngineFonts/Faces/RobotoLight.uasset" 130
"../../../Engine/Content/EngineFonts/Faces/RobotoLight.uexp" 131
"../../../Engine/Content/EngineFonts/Faces/RobotoLight.ufont" 132
"../../../Engine/Content/EngineFonts/Faces/RobotoItalic.uasset" 133
"../../../Engine/Content/EngineFonts/Faces/RobotoItalic.uexp" 134
"../../../Engine/Content/EngineFonts/Faces/RobotoItalic.ufont" 135
"../../../Engine/Content/EngineFonts/Faces/RobotoBoldItalic.uasset" 136
"../../../Engine/Content/EngineFonts/Faces/RobotoBoldItalic.uexp" 137
"../../../Engine/Content/EngineFonts/Faces/RobotoBoldItalic.ufont" 138
"../../../Engine/Content/EngineFonts/Faces/RobotoBold.uasset" 139
"../../../Engine/Content/EngineFonts/Faces/RobotoBold.uexp" 140
"../../../Engine/Content/EngineFonts/Faces/RobotoBold.ufont" 141
"../../../Engine/Content/EngineFonts/Faces/DroidSansFallback.uasset" 142
"../../../Engine/Content/EngineFonts/Faces/DroidSansFallback.uexp" 143
"../../../Engine/Content/EngineFonts/Faces/DroidSansFallback.ufont" 144
"../../../Engine/Content/EngineFonts/Roboto.uasset" 145
"../../../Engine/Content/EngineFonts/Roboto.uexp" 146
"../../../Engine/Content/EngineMaterials/BaseFlattenNormalMap.uasset" 147
"../../../Engine/Content/EngineMaterials/BaseFlattenNormalMap.uexp" 148
"../../../Engine/Content/EngineMaterials/BaseFlattenGrayscaleMap.uasset" 149
"../../../Engine/Content/EngineMaterials/BaseFlattenGrayscaleMap.uexp" 150
"../../../Engine/Content/EngineMaterials/BaseFlattenEmissiveMap.uasset" 151
"../../../Engine/Content/EngineMaterials/BaseFlattenEmissiveMap.uexp" 152
"../../../Engine/Content/EngineMaterials/BaseFlattenDiffuseMap.uasset" 153
"../../../Engine/Content/EngineMaterials/BaseFlattenDiffuseMap.uexp" 154
"../../../Engine/Content/EngineMaterials/BaseFlattenMaterial.uasset" 155
"../../../Engine/Content/EngineMaterials/BaseFlattenMaterial.uexp" 156
"../../../Engine/Content/EngineMaterials/BlueNoise.uasset" 157
"../../../Engine/Content/EngineMaterials/BlueNoise.uexp" 158
"../../../Engine/Content/EngineMaterials/DefaultBloomKernel.uasset" 159
"../../../Engine/Content/EngineMaterials/DefaultBloomKernel.uexp" 160
"../../../Engine/Content/EngineMaterials/DefaultBokeh.uasset" 161
"../../../Engine/Content/EngineMaterials/DefaultBokeh.uexp" 162
"../../../Engine/Content/EngineMaterials/DefaultDiffuse.uasset" 163
"../../../Engine/Content/EngineMaterials/DefaultDiffuse.uexp" 164
"../../../Engine/Content/EngineMaterials/DefaultDiffuse.ubulk" 165
"../../../Engine/Content/EngineMaterials/DefaultDeferredDecalMaterial.uasset" 166
"../../../Engine/Content/EngineMaterials/DefaultDeferredDecalMaterial.uexp" 167
"../../../Engine/Content/EngineMaterials/DefaultLightFunctionMaterial.uasset" 168
"../../../Engine/Content/EngineMaterials/DefaultLightFunctionMaterial.uexp" 169
"../../../Engine/Content/EngineMaterials/DefaultPhysicalMaterial.uasset" 170
"../../../Engine/Content/EngineMaterials/DefaultPhysicalMaterial.uexp" 171
"../../../Engine/Content/Functions/Engine_MaterialFunctions02/Utility/BreakOutFloat2Components.uasset" 172
"../../../Engine/Content/Functions/Engine_MaterialFunctions02/Utility/BreakOutFloat2Components.uexp" 173
"../../../Engine/Content/EngineMaterials/DefaultPostProcessMaterial.uasset" 174
"../../../Engine/Content/EngineMaterials/DefaultPostProcessMaterial.uexp" 175
"../../../Engine/Content/EngineFonts/RobotoDistanceField.uasset" 176
"../../../Engine/Content/EngineFonts/RobotoDistanceField.uexp" 177
"../../../Engine/Content/EngineMaterials/DefaultTextMaterialOpaque.uasset" 178
"../../../Engine/Content/EngineMaterials/DefaultTextMaterialOpaque.uexp" 179
"../../../Engine/Content/EngineMaterials/DefaultWhiteGrid.uasset" 180
"../../../Engine/Content/EngineMaterials/DefaultWhiteGrid.uexp" 181
"../../../Engine/Content/EngineMaterials/DefaultWhiteGrid.ubulk" 182
"../../../Engine/Content/EngineMaterials/DefaultWhiteGrid_Low.uasset" 183
"../../../Engine/Content/EngineMaterials/DefaultWhiteGrid_Low.uexp" 184
"../../../Engine/Content/EngineMaterials/EmissiveMeshMaterial.uasset" 185
"../../../Engine/Content/EngineMaterials/EmissiveMeshMaterial.uexp" 186
"../../../Engine/Content/EngineMaterials/GizmoMaterial.uasset" 187
"../../../Engine/Content/EngineMaterials/GizmoMaterial.uexp" 188
"../../../Engine/Content/EngineMaterials/Good64x64TilingNoiseHighFreq.uasset" 189
"../../../Engine/Content/EngineMaterials/Good64x64TilingNoiseHighFreq.uexp" 190
"../../../Engine/Content/EngineMaterials/MiniFont.uasset" 191
"../../../Engine/Content/EngineMaterials/MiniFont.uexp" 192
"../../../Engine/Content/EngineMaterials/InvalidLightmapSettings.uasset" 193
"../../../Engine/Content/EngineMaterials/InvalidLightmapSettings.uexp" 194
"../../../Engine/Content/EngineMaterials/InvalidLightmapSettings.ubulk" 195
"../../../Engine/Content/EngineMaterials/M_InvalidLightmapSettings.uasset" 196
"../../../Engine/Content/EngineMaterials/M_InvalidLightmapSettings.uexp" 197
"../../../Engine/Content/Functions/Engine_MaterialFunctions02/WorldPositionOffset/CameraOffset.uasset" 198
"../../../Engine/Content/Functions/Engine_MaterialFunctions02/WorldPositionOffset/CameraOffset.uexp" 199
"../../../Engine/Content/EngineMaterials/PhAT_JointLimitMaterial.uasset" 200
"../../../Engine/Content/EngineMaterials/PhAT_JointLimitMaterial.uexp" 201
"../../../Engine/Content/EngineMaterials/DefaultCalibrationColor.uasset" 202
"../../../Engine/Content/EngineMaterials/DefaultCalibrationColor.uexp" 203
"../../../Engine/Content/EngineMaterials/PPM_DefaultCalibrationColor.uasset" 204
"../../../Engine/Content/EngineMaterials/PPM_DefaultCalibrationColor.uexp" 205
"../../../Engine/Content/EngineMaterials/DefaultCalibrationGrayscale.uasset" 206
"../../../Engine/Content/EngineMaterials/DefaultCalibrationGrayscale.uexp" 207
"../../../Engine/Content/EngineMaterials/PPM_DefaultCalibrationGrayscale.uasset" 208
"../../../Engine/Content/EngineMaterials/PPM_DefaultCalibrationGrayscale.uexp" 209
"../../../Engine/Content/EngineMaterials/PreintegratedSkinBRDF.uasset" 210
"../../../Engine/Content/EngineMaterials/PreintegratedSkinBRDF.uexp" 211
"../../../Engine/Content/EngineMaterials/RemoveSurfaceMaterial.uasset" 212
"../../../Engine/Content/EngineMaterials/RemoveSurfaceMaterial.uexp" 213
"../../../Engine/Content/EngineMaterials/WeightMapPlaceholderTexture.uasset" 214
"../../../Engine/Content/EngineMaterials/WeightMapPlaceholderTexture.uexp" 215
"../../../Engine/Content/EngineResources/WhiteSquareTexture.uasset" 216
"../../../Engine/Content/EngineResources/WhiteSquareTexture.uexp" 217
"../../../Engine/Content/EngineMaterials/Widget3DPassThrough.uasset" 218
"../../../Engine/Content/EngineMaterials/Widget3DPassThrough.uexp" 219
"../../../Engine/Content/EngineMaterials/Widget3DPassThrough_Masked.uasset" 220
"../../../Engine/Content/EngineMaterials/Widget3DPassThrough_Masked.uexp" 221
"../../../Engine/Content/EngineMaterials/Widget3DPassThrough_Opaque.uasset" 222
"../../../Engine/Content/EngineMaterials/Widget3DPassThrough_Opaque.uexp" 223
"../../../Engine/Content/EngineMaterials/Widget3DPassThrough_Masked_OneSided.uasset" 224
"../../../Engine/Content/EngineMaterials/Widget3DPassThrough_Masked_OneSided.uexp" 225
"../../../Engine/Content/EngineMaterials/Widget3DPassThrough_Opaque_OneSided.uasset" 226
"../../../Engine/Content/EngineMaterials/Widget3DPassThrough_Opaque_OneSided.uexp" 227
"../../../Engine/Content/EngineMaterials/Widget3DPassThrough_Translucent.uasset" 228
"../../../Engine/Content/EngineMaterials/Widget3DPassThrough_Translucent.uexp" 229
"../../../Engine/Content/EngineMaterials/Widget3DPassThrough_Translucent_OneSided.uasset" 230
"../../../Engine/Content/EngineMaterials/Widget3DPassThrough_Translucent_OneSided.uexp" 231
"../../../Engine/Content/EngineMeshes/Cylinder.uasset" 232
"../../../Engine/Content/EngineMeshes/Cylinder.uexp" 233
"../../../Engine/Content/EngineMeshes/Sphere.uasset" 234
"../../../Engine/Content/EngineMeshes/Sphere.uexp" 235
"../../../Engine/Content/EngineResources/DefaultTexture.uasset" 236
"../../../Engine/Content/EngineResources/DefaultTexture.uexp" 237
"../../../Engine/Content/EngineResources/DefaultTexture.ubulk" 238
"../../../Engine/Content/EngineResources/DefaultTextureCube.uasset" 239
"../../../Engine/Content/EngineResources/DefaultTextureCube.uexp" 240
"../../../Engine/Content/EngineResources/DefaultVolumeTexture2D.uasset" 241
"../../../Engine/Content/EngineResources/DefaultVolumeTexture2D.uexp" 242
"../../../Engine/Content/EngineResources/DefaultVolumeTexture.uasset" 243
"../../../Engine/Content/EngineResources/DefaultVolumeTexture.uexp" 244
"../../../Engine/Content/EngineResources/GradientTexture0.uasset" 245
"../../../Engine/Content/EngineResources/GradientTexture0.uexp" 246
"../../../Engine/Content/EngineSky/VolumetricClouds/T_NoiseShape64.uasset" 247
"../../../Engine/Content/EngineSky/VolumetricClouds/T_NoiseShape64.uexp" 248
"../../../Engine/Content/EngineSky/VolumetricClouds/T_NoiseShape64.ubulk" 249
"../../../Engine/Content/EngineSky/VolumetricClouds/T_VolumeNoiseShape64.uasset" 250
"../../../Engine/Content/EngineSky/VolumetricClouds/T_VolumeNoiseShape64.uexp" 251
"../../../Engine/Content/EngineSky/VolumetricClouds/T_NoiseErosion.uasset" 252
"../../../Engine/Content/EngineSky/VolumetricClouds/T_NoiseErosion.uexp" 253
"../../../Engine/Content/EngineSky/VolumetricClouds/T_NoiseErosion.ubulk" 254
"../../../Engine/Content/EngineSky/VolumetricClouds/T_VolumeNoiseErosion32.uasset" 255
"../../../Engine/Content/EngineSky/VolumetricClouds/T_VolumeNoiseErosion32.uexp" 256
"../../../Engine/Content/EngineSky/VolumetricClouds/CloudWeatherTexture.uasset" 257
"../../../Engine/Content/EngineSky/VolumetricClouds/CloudWeatherTexture.uexp" 258
"../../../Engine/Content/EngineSky/VolumetricClouds/CloudGradientTexture.uasset" 259
"../../../Engine/Content/EngineSky/VolumetricClouds/CloudGradientTexture.uexp" 260
"../../../Engine/Content/Functions/Engine_MaterialFunctions02/Utility/MakeFloat2.uasset" 261
"../../../Engine/Content/Functions/Engine_MaterialFunctions02/Utility/MakeFloat2.uexp" 262
"../../../Engine/Content/EngineSky/VolumetricClouds/m_SimpleVolumetricCloud.uasset" 263
"../../../Engine/Content/EngineSky/VolumetricClouds/m_SimpleVolumetricCloud.uexp" 264
"../../../Engine/Content/EngineSky/VolumetricClouds/m_SimpleVolumetricCloud_Inst.uasset" 265
"../../../Engine/Content/EngineSky/VolumetricClouds/m_SimpleVolumetricCloud_Inst.uexp" 266
"../../../Engine/Content/EngineSounds/Master.uasset" 267
"../../../Engine/Content/EngineSounds/Master.uexp" 268
"../../../Engine/Content/Functions/Engine_MaterialFunctions01/Shading/PowerToRoughness.uasset" 269
"../../../Engine/Content/Functions/Engine_MaterialFunctions01/Shading/PowerToRoughness.uexp" 270
"../../../Engine/Content/Maps/Templates/Thumbnails/Default.uasset" 271
"../../../Engine/Content/Maps/Templates/Thumbnails/Default.uexp" 272
"../../../Engine/Content/Maps/Templates/Thumbnails/TimeOfDay.uasset" 273
"../../../Engine/Content/Maps/Templates/Thumbnails/TimeOfDay.uexp" 274
"../../../Engine/Content/Maps/Templates/Thumbnails/VR-Basic.uasset" 275
"../../../Engine/Content/Maps/Templates/Thumbnails/VR-Basic.uexp" 276
"../../../Engine/Content/MobileResources/T_MobileControls_texture.uasset" 277
"../../../Engine/Content/MobileResources/T_MobileControls_texture.uexp" 278
"../../../Engine/Content/MobileResources/T_MobileMenu2.uasset" 279
"../../../Engine/Content/MobileResources/T_MobileMenu2.uexp" 280
"../../../Engine/Content/MobileResources/HUD/AnalogHat.uasset" 281
"../../../Engine/Content/MobileResources/HUD/AnalogHat.uexp" 282
"../../../Engine/Content/MobileResources/HUD/VirtualJoystick_Thumb.uasset" 283
"../../../Engine/Content/MobileResources/HUD/VirtualJoystick_Thumb.uexp" 284
"../../../Engine/Content/MobileResources/HUD/VirtualJoystick_Background.uasset" 285
"../../../Engine/Content/MobileResources/HUD/VirtualJoystick_Background.uexp" 286
"../../../Engine/Content/MobileResources/HUD/DefaultVirtualJoysticks.uasset" 287
"../../../Engine/Content/MobileResources/HUD/DefaultVirtualJoysticks.uexp" 288
"../../../Engine/Content/MobileResources/HUD/LeftVirtualJoystickOnly.uasset" 289
"../../../Engine/Content/MobileResources/HUD/LeftVirtualJoystickOnly.uexp" 290
"../../../Engine/Content/MobileResources/HUD/MobileHUDButton1_off.uasset" 291
"../../../Engine/Content/MobileResources/HUD/MobileHUDButton1_off.uexp" 292
"../../../Engine/Content/MobileResources/HUD/MobileHUDButton1_on.uasset" 293
"../../../Engine/Content/MobileResources/HUD/MobileHUDButton1_on.uexp" 294
"../../../Engine/Content/MobileResources/HUD/MobileHUDButton2_off.uasset" 295
"../../../Engine/Content/MobileResources/HUD/MobileHUDButton2_off.uexp" 296
"../../../Engine/Content/MobileResources/HUD/MobileHUDButton2_on.uasset" 297
"../../../Engine/Content/MobileResources/HUD/MobileHUDButton2_on.uexp" 298
"../../../Engine/Content/MobileResources/HUD/MobileHUDButton3.uasset" 299
"../../../Engine/Content/MobileResources/HUD/MobileHUDButton3.uexp" 300
"../../../Engine/Content/MobileResources/HUD/MobileHUDButtonFire.uasset" 301
"../../../Engine/Content/MobileResources/HUD/MobileHUDButtonFire.uexp" 302
"../../../Engine/Content/MobileResources/HUD/MobileHUDDirectionPad.uasset" 303
"../../../Engine/Content/MobileResources/HUD/MobileHUDDirectionPad.uexp" 304
"../../../Engine/Content/MobileResources/HUD/MobileHUDDirectionPad2.uasset" 305
"../../../Engine/Content/MobileResources/HUD/MobileHUDDirectionPad2.uexp" 306
"../../../Engine/Content/MobileResources/HUD/MobileHUDDirectionPad3.uasset" 307
"../../../Engine/Content/MobileResources/HUD/MobileHUDDirectionPad3.uexp" 308
"../../../Engine/Content/MobileResources/HUD/MobileHUDDirectionStick.uasset" 309
"../../../Engine/Content/MobileResources/HUD/MobileHUDDirectionStick.uexp" 310
"../../../Engine/Content/MobileResources/HUD/T_Castle_ThumbstickInner.uasset" 311
"../../../Engine/Content/MobileResources/HUD/T_Castle_ThumbstickInner.uexp" 312
"../../../Engine/Content/MobileResources/HUD/T_Castle_ThumbstickOutter.uasset" 313
"../../../Engine/Content/MobileResources/HUD/T_Castle_ThumbstickOutter.uexp" 314
"../../../Engine/Content/Tutorial/ContentIntroCurve.uasset" 315
"../../../Engine/Content/Tutorial/ContentIntroCurve.uexp" 316
"../../../Engine/Content/VREditor/TransformGizmo/TranslucentTransformGizmoMaterial.uasset" 317
"../../../Engine/Content/VREditor/TransformGizmo/TranslucentTransformGizmoMaterial.uexp" 318
"../../../Engine/Content/VREditor/LaserPointer/VR_LaserPower_01.uasset" 319
"../../../Engine/Content/VREditor/LaserPointer/VR_LaserPower_01.uexp" 320
"../../../Engine/Content/VREditor/LaserPointer/VR_LaserPower_01.ubulk" 321
"../../../Engine/Content/VREditor/TransformGizmo/TransformGizmoMaterial.uasset" 322
"../../../Engine/Content/VREditor/TransformGizmo/TransformGizmoMaterial.uexp" 323
"../../../Engine/Content/VREditor/TransformGizmo/BoundingBoxCorner.uasset" 324
"../../../Engine/Content/VREditor/TransformGizmo/BoundingBoxCorner.uexp" 325
"../../../Engine/Content/VREditor/TransformGizmo/BoundingBoxEdge.uasset" 326
"../../../Engine/Content/VREditor/TransformGizmo/BoundingBoxEdge.uexp" 327
"../../../Engine/Content/VREditor/TransformGizmo/PlaneTranslationHandle.uasset" 328
"../../../Engine/Content/VREditor/TransformGizmo/PlaneTranslationHandle.uexp" 329
"../../../Engine/Content/VREditor/TransformGizmo/Xray.uasset" 330
"../../../Engine/Content/VREditor/TransformGizmo/Xray.uexp" 331
"../../../Engine/Content/VREditor/TransformGizmo/Main.uasset" 332
"../../../Engine/Content/VREditor/TransformGizmo/Main.uexp" 333
"../../../Engine/Content/VREditor/TransformGizmo/SM_Sequencer_Key.uasset" 334
"../../../Engine/Content/VREditor/TransformGizmo/SM_Sequencer_Key.uexp" 335
"../../../Engine/Content/VREditor/TransformGizmo/SM_Sequencer_Node.uasset" 336
"../../../Engine/Content/VREditor/TransformGizmo/SM_Sequencer_Node.uexp" 337
"../../../Engine/Plugins/2D/Paper2D/Content/PlaceholderTextures/DummySpriteTexture.uasset" 338
"../../../Engine/Plugins/2D/Paper2D/Content/PlaceholderTextures/DummySpriteTexture.uexp" 339
"../../../Engine/Plugins/2D/Paper2D/Content/PlaceholderTextures/DummySpriteTexture.ubulk" 340
"../../../Engine/Plugins/2D/Paper2D/Content/DummySprite.uasset" 341
"../../../Engine/Plugins/2D/Paper2D/Content/DummySprite.uexp" 342
"../../../Engine/Plugins/2D/Paper2D/Content/DefaultPaperTerrainMaterial.uasset" 343
"../../../Engine/Plugins/2D/Paper2D/Content/DefaultPaperTerrainMaterial.uexp" 344
"../../../Engine/Plugins/2D/Paper2D/Content/DefaultSpriteMaterial.uasset" 345
"../../../Engine/Plugins/2D/Paper2D/Content/DefaultSpriteMaterial.uexp" 346
"../../../Engine/Plugins/2D/Paper2D/Content/MaskedUnlitSpriteMaterial.uasset" 347
"../../../Engine/Plugins/2D/Paper2D/Content/MaskedUnlitSpriteMaterial.uexp" 348
"../../../Engine/Plugins/2D/Paper2D/Content/OpaqueUnlitSpriteMaterial.uasset" 349
"../../../Engine/Plugins/2D/Paper2D/Content/OpaqueUnlitSpriteMaterial.uexp" 350
"../../../Engine/Content/Functions/Engine_MaterialFunctions02/Utility/BreakOutFloat3Components.uasset" 351
"../../../Engine/Content/Functions/Engine_MaterialFunctions02/Utility/BreakOutFloat3Components.uexp" 352
"../../../Engine/Plugins/Editor/SpeedTreeImporter/Content/SpeedTree9/UnpackInteger3.uasset" 353
"../../../Engine/Plugins/Editor/SpeedTreeImporter/Content/SpeedTree9/UnpackInteger3.uexp" 354
"../../../Engine/Plugins/Editor/SpeedTreeImporter/Content/SpeedTree9/UnpackDirection.uasset" 355
"../../../Engine/Plugins/Editor/SpeedTreeImporter/Content/SpeedTree9/UnpackDirection.uexp" 356
"../../../Engine/Plugins/Editor/SpeedTreeImporter/Content/SpeedTree9/game_wind_noise.uasset" 357
"../../../Engine/Plugins/Editor/SpeedTreeImporter/Content/SpeedTree9/game_wind_noise.uexp" 358
"../../../Engine/Plugins/Editor/SpeedTreeImporter/Content/SpeedTree9/game_wind_noise.ubulk" 359
"../../../Engine/Content/Functions/Engine_MaterialFunctions02/SafeNormalize.uasset" 360
"../../../Engine/Content/Functions/Engine_MaterialFunctions02/SafeNormalize.uexp" 361
"../../../Engine/Plugins/Editor/SpeedTreeImporter/Content/SpeedTree9/SpeedTreeWindMotion.uasset" 362
"../../../Engine/Plugins/Editor/SpeedTreeImporter/Content/SpeedTree9/SpeedTreeWindMotion.uexp" 363
"../../../Engine/Plugins/Editor/SpeedTreeImporter/Content/SpeedTree9/SpeedTreeBranchMotion.uasset" 364
"../../../Engine/Plugins/Editor/SpeedTreeImporter/Content/SpeedTree9/SpeedTreeBranchMotion.uexp" 365
"../../../Engine/Content/Functions/Engine_MaterialFunctions02/ObjectLocalBounds.uasset" 366
"../../../Engine/Content/Functions/Engine_MaterialFunctions02/ObjectLocalBounds.uexp" 367
"../../../Engine/Content/Functions/Engine_MaterialFunctions02/UVs/BoundingBoxBased_0-1_UVW.uasset" 368
"../../../Engine/Content/Functions/Engine_MaterialFunctions02/UVs/BoundingBoxBased_0-1_UVW.uexp" 369
"../../../Engine/Content/Functions/Engine_MaterialFunctions02/Utility/VectorLength.uasset" 370
"../../../Engine/Content/Functions/Engine_MaterialFunctions02/Utility/VectorLength.uexp" 371
"../../../Engine/Content/Functions/Engine_MaterialFunctions02/WorldPositionOffset/ObjectScale.uasset" 372
"../../../Engine/Content/Functions/Engine_MaterialFunctions02/WorldPositionOffset/ObjectScale.uexp" 373
"../../../Engine/Plugins/Editor/SpeedTreeImporter/Content/SpeedTree9/SpeedTreeWind.uasset" 374
"../../../Engine/Plugins/Editor/SpeedTreeImporter/Content/SpeedTree9/SpeedTreeWind.uexp" 375
"../../../Engine/Plugins/Editor/SpeedTreeImporter/Content/SpeedTree9/SpeedTreeBillboard.uasset" 376
"../../../Engine/Plugins/Editor/SpeedTreeImporter/Content/SpeedTree9/SpeedTreeBillboard.uexp" 377
"../../../Engine/Plugins/Editor/SpeedTreeImporter/Content/SpeedTree9/EmptyNormal.uasset" 378
"../../../Engine/Plugins/Editor/SpeedTreeImporter/Content/SpeedTree9/EmptyNormal.uexp" 379
"../../../Engine/Plugins/Editor/SpeedTreeImporter/Content/SpeedTree9/Empty.uasset" 380
"../../../Engine/Plugins/Editor/SpeedTreeImporter/Content/SpeedTree9/Empty.uexp" 381
"../../../Engine/Plugins/Editor/SpeedTreeImporter/Content/SpeedTree9/SpeedTreeBillboardMaster.uasset" 382
"../../../Engine/Plugins/Editor/SpeedTreeImporter/Content/SpeedTree9/SpeedTreeBillboardMaster.uexp" 383
"../../../Engine/Plugins/Editor/SpeedTreeImporter/Content/SpeedTree9/SpeedTreeCameraFacing.uasset" 384
"../../../Engine/Plugins/Editor/SpeedTreeImporter/Content/SpeedTree9/SpeedTreeCameraFacing.uexp" 385
"../../../Engine/Plugins/Editor/SpeedTreeImporter/Content/SpeedTree9/SpeedTreeMaster.uasset" 386
"../../../Engine/Plugins/Editor/SpeedTreeImporter/Content/SpeedTree9/SpeedTreeMaster.uexp" 387
"../../../Engine/Content/BasicShapes/Cylinder.uasset" 388
"../../../Engine/Content/BasicShapes/Cylinder.uexp" 389
"../../../Engine/Content/ArtTools/RenderToTexture/Materials/Debug/M_Emissive_Color.uasset" 390
"../../../Engine/Content/ArtTools/RenderToTexture/Materials/Debug/M_Emissive_Color.uexp" 391
"../../../Engine/Plugins/Lumin/MagicLeapPassableWorld/Content/MagicLeapARPinInfoActor.uasset" 392
"../../../Engine/Plugins/Lumin/MagicLeapPassableWorld/Content/MagicLeapARPinInfoActor.uexp" 393
"../../../Engine/Plugins/Runtime/OpenXR/Content/Devices/GoogleDaydream/MRTexture.uasset" 394
"../../../Engine/Plugins/Runtime/OpenXR/Content/Devices/GoogleDaydream/MRTexture.uexp" 395
"../../../Engine/Plugins/Runtime/OpenXR/Content/Devices/GoogleDaydream/MRTexture.ubulk" 396
"../../../Engine/Plugins/Runtime/OpenXR/Content/Devices/GoogleDaydream/BaseTexture.uasset" 397
"../../../Engine/Plugins/Runtime/OpenXR/Content/Devices/GoogleDaydream/BaseTexture.uexp" 398
"../../../Engine/Plugins/Runtime/OpenXR/Content/Devices/GoogleDaydream/BaseTexture.ubulk" 399
"../../../Engine/Content/EngineResources/Black.uasset" 400
"../../../Engine/Content/EngineResources/Black.uexp" 401
"../../../Engine/Plugins/Runtime/OpenXR/Content/Devices/M_XRController.uasset" 402
"../../../Engine/Plugins/Runtime/OpenXR/Content/Devices/M_XRController.uexp" 403
"../../../Engine/Plugins/Runtime/OpenXR/Content/Devices/GoogleDaydream/MI_GoogleDaydream.uasset" 404
"../../../Engine/Plugins/Runtime/OpenXR/Content/Devices/GoogleDaydream/MI_GoogleDaydream.uexp" 405
"../../../Engine/Plugins/Runtime/OpenXR/Content/Devices/GoogleDaydream/GoogleDaydreamController.uasset" 406
"../../../Engine/Plugins/Runtime/OpenXR/Content/Devices/GoogleDaydream/GoogleDaydreamController.uexp" 407
"../../../Engine/Plugins/Runtime/OpenXR/Content/Devices/HTCVive/BaseTexture.uasset" 408
"../../../Engine/Plugins/Runtime/OpenXR/Content/Devices/HTCVive/BaseTexture.uexp" 409
"../../../Engine/Plugins/Runtime/OpenXR/Content/Devices/HTCVive/BaseTexture.ubulk" 410
"../../../Engine/Plugins/Runtime/OpenXR/Content/Devices/HTCVive/MI_HTCVive.uasset" 411
"../../../Engine/Plugins/Runtime/OpenXR/Content/Devices/HTCVive/MI_HTCVive.uexp" 412
"../../../Engine/Plugins/Runtime/OpenXR/Content/Devices/HTCVive/HTCViveController.uasset" 413
"../../../Engine/Plugins/Runtime/OpenXR/Content/Devices/HTCVive/HTCViveController.uexp" 414
"../../../Engine/Plugins/Runtime/OpenXR/Content/Devices/MicrosoftMixedReality/NormalTexture.uasset" 415
"../../../Engine/Plugins/Runtime/OpenXR/Content/Devices/MicrosoftMixedReality/NormalTexture.uexp" 416
"../../../Engine/Plugins/Runtime/OpenXR/Content/Devices/MicrosoftMixedReality/NormalTexture.ubulk" 417
"../../../Engine/Plugins/Runtime/OpenXR/Content/Devices/MicrosoftMixedReality/MRTexture.uasset" 418
"../../../Engine/Plugins/Runtime/OpenXR/Content/Devices/MicrosoftMixedReality/MRTexture.uexp" 419
"../../../Engine/Plugins/Runtime/OpenXR/Content/Devices/MicrosoftMixedReality/MRTexture.ubulk" 420
"../../../Engine/Plugins/Runtime/OpenXR/Content/Devices/MicrosoftMixedReality/EmissiveTexture.uasset" 421
"../../../Engine/Plugins/Runtime/OpenXR/Content/Devices/MicrosoftMixedReality/EmissiveTexture.uexp" 422
"../../../Engine/Plugins/Runtime/OpenXR/Content/Devices/MicrosoftMixedReality/EmissiveTexture.ubulk" 423
"../../../Engine/Plugins/Runtime/OpenXR/Content/Devices/MicrosoftMixedReality/BaseTexture.uasset" 424
"../../../Engine/Plugins/Runtime/OpenXR/Content/Devices/MicrosoftMixedReality/BaseTexture.uexp" 425
"../../../Engine/Plugins/Runtime/OpenXR/Content/Devices/MicrosoftMixedReality/BaseTexture.ubulk" 426
"../../../Engine/Plugins/Runtime/OpenXR/Content/Devices/MicrosoftMixedReality/MI_MicrosoftMixedReality.uasset" 427
"../../../Engine/Plugins/Runtime/OpenXR/Content/Devices/MicrosoftMixedReality/MI_MicrosoftMixedReality.uexp" 428
"../../../Engine/Plugins/Runtime/OpenXR/Content/Devices/MicrosoftMixedReality/Left/left_MicrosoftMixedRealityController.uasset" 429
"../../../Engine/Plugins/Runtime/OpenXR/Content/Devices/MicrosoftMixedReality/Left/left_MicrosoftMixedRealityController.uexp" 430
"../../../Engine/Plugins/Runtime/OpenXR/Content/Devices/MicrosoftMixedReality/Right/right_MicrosoftMixedRealityController.uasset" 431
"../../../Engine/Plugins/Runtime/OpenXR/Content/Devices/MicrosoftMixedReality/Right/right_MicrosoftMixedRealityController.uexp" 432
"../../../Engine/Plugins/Runtime/OpenXR/Content/Devices/OculusGo/BaseTexture.uasset" 433
"../../../Engine/Plugins/Runtime/OpenXR/Content/Devices/OculusGo/BaseTexture.uexp" 434
"../../../Engine/Plugins/Runtime/OpenXR/Content/Devices/OculusGo/BaseTexture.ubulk" 435
"../../../Engine/Plugins/Runtime/OpenXR/Content/Devices/OculusGo/MI_OculusGo.uasset" 436
"../../../Engine/Plugins/Runtime/OpenXR/Content/Devices/OculusGo/MI_OculusGo.uexp" 437
"../../../Engine/Plugins/Runtime/OpenXR/Content/Devices/OculusGo/OculusGoController.uasset" 438
"../../../Engine/Plugins/Runtime/OpenXR/Content/Devices/OculusGo/OculusGoController.uexp" 439
"../../../Engine/Plugins/Runtime/OpenXR/Content/Devices/OculusTouch/MRTexture.uasset" 440
"../../../Engine/Plugins/Runtime/OpenXR/Content/Devices/OculusTouch/MRTexture.uexp" 441
"../../../Engine/Plugins/Runtime/OpenXR/Content/Devices/OculusTouch/MRTexture.ubulk" 442
"../../../Engine/Plugins/Runtime/OpenXR/Content/Devices/OculusTouch/BaseTexture.uasset" 443
"../../../Engine/Plugins/Runtime/OpenXR/Content/Devices/OculusTouch/BaseTexture.uexp" 444
"../../../Engine/Plugins/Runtime/OpenXR/Content/Devices/OculusTouch/BaseTexture.ubulk" 445
"../../../Engine/Plugins/Runtime/OpenXR/Content/Devices/OculusTouch/MI_OculusTouch.uasset" 446
"../../../Engine/Plugins/Runtime/OpenXR/Content/Devices/OculusTouch/MI_OculusTouch.uexp" 447
"../../../Engine/Plugins/Runtime/OpenXR/Content/Devices/OculusTouch/Left/left_OculusTouchController.uasset" 448
"../../../Engine/Plugins/Runtime/OpenXR/Content/Devices/OculusTouch/Left/left_OculusTouchController.uexp" 449
"../../../Engine/Plugins/Runtime/OpenXR/Content/Devices/OculusTouch/Right/right_OculusTouchController.uasset" 450
"../../../Engine/Plugins/Runtime/OpenXR/Content/Devices/OculusTouch/Right/right_OculusTouchController.uexp" 451
"../../../Engine/Plugins/Runtime/OpenXR/Content/Devices/OculusTouch_v2/MRTexture.uasset" 452
"../../../Engine/Plugins/Runtime/OpenXR/Content/Devices/OculusTouch_v2/MRTexture.uexp" 453
"../../../Engine/Plugins/Runtime/OpenXR/Content/Devices/OculusTouch_v2/MRTexture.ubulk" 454
"../../../Engine/Plugins/Runtime/OpenXR/Content/Devices/OculusTouch_v2/BaseTexture.uasset" 455
"../../../Engine/Plugins/Runtime/OpenXR/Content/Devices/OculusTouch_v2/BaseTexture.uexp" 456
"../../../Engine/Plugins/Runtime/OpenXR/Content/Devices/OculusTouch_v2/BaseTexture.ubulk" 457
"../../../Engine/Plugins/Runtime/OpenXR/Content/Devices/OculusTouch_v2/MI_OculusTouch_v2.uasset" 458
"../../../Engine/Plugins/Runtime/OpenXR/Content/Devices/OculusTouch_v2/MI_OculusTouch_v2.uexp" 459
"../../../Engine/Plugins/Runtime/OpenXR/Content/Devices/OculusTouch_v2/Left/left_OculusTouch_v2Controller.uasset" 460
"../../../Engine/Plugins/Runtime/OpenXR/Content/Devices/OculusTouch_v2/Left/left_OculusTouch_v2Controller.uexp" 461
"../../../Engine/Plugins/Runtime/OpenXR/Content/Devices/OculusTouch_v2/Right/right_OculusTouch_v2Controller.uasset" 462
"../../../Engine/Plugins/Runtime/OpenXR/Content/Devices/OculusTouch_v2/Right/right_OculusTouch_v2Controller.uexp" 463
"../../../Engine/Plugins/Runtime/OpenXR/Content/Devices/OculusTouch_v3/MRTexture.uasset" 464
"../../../Engine/Plugins/Runtime/OpenXR/Content/Devices/OculusTouch_v3/MRTexture.uexp" 465
"../../../Engine/Plugins/Runtime/OpenXR/Content/Devices/OculusTouch_v3/MRTexture.ubulk" 466
"../../../Engine/Plugins/Runtime/OpenXR/Content/Devices/OculusTouch_v3/BaseTexture.uasset" 467
"../../../Engine/Plugins/Runtime/OpenXR/Content/Devices/OculusTouch_v3/BaseTexture.uexp" 468
"../../../Engine/Plugins/Runtime/OpenXR/Content/Devices/OculusTouch_v3/BaseTexture.ubulk" 469
"../../../Engine/Plugins/Runtime/OpenXR/Content/Devices/OculusTouch_v3/MI_OculusTouch_v3.uasset" 470
"../../../Engine/Plugins/Runtime/OpenXR/Content/Devices/OculusTouch_v3/MI_OculusTouch_v3.uexp" 471
"../../../Engine/Plugins/Runtime/OpenXR/Content/Devices/OculusTouch_v3/Left/left_OculusTouch_v3Controller.uasset" 472
"../../../Engine/Plugins/Runtime/OpenXR/Content/Devices/OculusTouch_v3/Left/left_OculusTouch_v3Controller.uexp" 473
"../../../Engine/Plugins/Runtime/OpenXR/Content/Devices/OculusTouch_v3/Right/right_OculusTouch_v3Controller.uasset" 474
"../../../Engine/Plugins/Runtime/OpenXR/Content/Devices/OculusTouch_v3/Right/right_OculusTouch_v3Controller.uexp" 475
"../../../Engine/Plugins/Runtime/OpenXR/Content/Devices/ValveIndex/MRTexture.uasset" 476
"../../../Engine/Plugins/Runtime/OpenXR/Content/Devices/ValveIndex/MRTexture.uexp" 477
"../../../Engine/Plugins/Runtime/OpenXR/Content/Devices/ValveIndex/MRTexture.ubulk" 478
"../../../Engine/Plugins/Runtime/OpenXR/Content/Devices/ValveIndex/BaseTexture.uasset" 479
"../../../Engine/Plugins/Runtime/OpenXR/Content/Devices/ValveIndex/BaseTexture.uexp" 480
"../../../Engine/Plugins/Runtime/OpenXR/Content/Devices/ValveIndex/BaseTexture.ubulk" 481
"../../../Engine/Plugins/Runtime/OpenXR/Content/Devices/ValveIndex/Left/MI_left_ValveIndex.uasset" 482
"../../../Engine/Plugins/Runtime/OpenXR/Content/Devices/ValveIndex/Left/MI_left_ValveIndex.uexp" 483
"../../../Engine/Plugins/Runtime/OpenXR/Content/Devices/ValveIndex/Left/left_ValveIndexController.uasset" 484
"../../../Engine/Plugins/Runtime/OpenXR/Content/Devices/ValveIndex/Left/left_ValveIndexController.uexp" 485
"../../../Engine/Plugins/Runtime/OpenXR/Content/Devices/ValveIndex/Right/MI_right_ValveIndex.uasset" 486
"../../../Engine/Plugins/Runtime/OpenXR/Content/Devices/ValveIndex/Right/MI_right_ValveIndex.uexp" 487
"../../../Engine/Plugins/Runtime/OpenXR/Content/Devices/ValveIndex/Right/right_ValveIndexController.uasset" 488
"../../../Engine/Plugins/Runtime/OpenXR/Content/Devices/ValveIndex/Right/right_ValveIndexController.uexp" 489
"../../../Engine/Content/Functions/Engine_MaterialFunctions02/Utility/MakeFloat3.uasset" 490
"../../../Engine/Content/Functions/Engine_MaterialFunctions02/Utility/MakeFloat3.uexp" 491
"../../../Engine/Content/Functions/Engine_MaterialFunctions02/Utility/BreakOutFloat4Components.uasset" 492
"../../../Engine/Content/Functions/Engine_MaterialFunctions02/Utility/BreakOutFloat4Components.uexp" 493
"../../../Engine/Plugins/Runtime/Oculus/OculusVR/Content/Materials/OculusMR_ChromaKey.uasset" 494
"../../../Engine/Plugins/Runtime/Oculus/OculusVR/Content/Materials/OculusMR_ChromaKey.uexp" 495
"../../../Engine/Plugins/Runtime/Oculus/OculusVR/Content/Materials/OculusMR_OpaqueColoredMaterial.uasset" 496
"../../../Engine/Plugins/Runtime/Oculus/OculusVR/Content/Materials/OculusMR_OpaqueColoredMaterial.uexp" 497
"../../../Engine/Plugins/Runtime/Oculus/OculusVR/Content/Materials/PokeAHoleMaterial.uasset" 498
"../../../Engine/Plugins/Runtime/Oculus/OculusVR/Content/Materials/PokeAHoleMaterial.uexp" 499
"../../../Engine/Plugins/Runtime/Oculus/OculusVR/Content/Textures/touchController_controlmap.uasset" 500
"../../../Engine/Plugins/Runtime/Oculus/OculusVR/Content/Textures/touchController_controlmap.uexp" 501
"../../../Engine/Plugins/Runtime/Oculus/OculusVR/Content/Textures/touchController_controlmap.ubulk" 502
"../../../Engine/Plugins/Runtime/Oculus/OculusVR/Content/Textures/touchController_albedo.uasset" 503
"../../../Engine/Plugins/Runtime/Oculus/OculusVR/Content/Textures/touchController_albedo.uexp" 504
"../../../Engine/Plugins/Runtime/Oculus/OculusVR/Content/Textures/touchController_albedo.ubulk" 505
"../../../Engine/Plugins/Runtime/Oculus/OculusVR/Content/Materials/touchController_mat.uasset" 506
"../../../Engine/Plugins/Runtime/Oculus/OculusVR/Content/Materials/touchController_mat.uexp" 507
"../../../Engine/Plugins/Runtime/Oculus/OculusVR/Content/Meshes/LeftTouchController.uasset" 508
"../../../Engine/Plugins/Runtime/Oculus/OculusVR/Content/Meshes/LeftTouchController.uexp" 509
"../../../Engine/Plugins/Runtime/Oculus/OculusVR/Content/Textures/TouchForQuestRiftSController_albedo.uasset" 510
"../../../Engine/Plugins/Runtime/Oculus/OculusVR/Content/Textures/TouchForQuestRiftSController_albedo.uexp" 511
"../../../Engine/Plugins/Runtime/Oculus/OculusVR/Content/Textures/TouchForQuestRiftSController_albedo.ubulk" 512
"../../../Engine/Plugins/Runtime/Oculus/OculusVR/Content/Materials/TouchForQuestRiftSControllerMaterial.uasset" 513
"../../../Engine/Plugins/Runtime/Oculus/OculusVR/Content/Materials/TouchForQuestRiftSControllerMaterial.uexp" 514
"../../../Engine/Plugins/Runtime/Oculus/OculusVR/Content/Meshes/LeftTouchForQuestRiftSController.uasset" 515
"../../../Engine/Plugins/Runtime/Oculus/OculusVR/Content/Meshes/LeftTouchForQuestRiftSController.uexp" 516
"../../../Engine/Plugins/Runtime/Oculus/OculusVR/Content/Meshes/RiftHMD.uasset" 517
"../../../Engine/Plugins/Runtime/Oculus/OculusVR/Content/Meshes/RiftHMD.uexp" 518
"../../../Engine/Plugins/Runtime/Oculus/OculusVR/Content/Meshes/RightTouchController.uasset" 519
"../../../Engine/Plugins/Runtime/Oculus/OculusVR/Content/Meshes/RightTouchController.uexp" 520
"../../../Engine/Plugins/Runtime/Oculus/OculusVR/Content/Meshes/RightTouchForQuestRiftSController.uasset" 521
"../../../Engine/Plugins/Runtime/Oculus/OculusVR/Content/Meshes/RightTouchForQuestRiftSController.uexp" 522
"../../../Engine/Content/EngineSky/T_Sky_Clouds_M.uasset" 523
"../../../Engine/Content/EngineSky/T_Sky_Clouds_M.uexp" 524
"../../../Engine/Content/EngineSky/T_Sky_Clouds_M.ubulk" 525
"../../../Engine/Content/EngineSky/T_Sky_Stars.uasset" 526
"../../../Engine/Content/EngineSky/T_Sky_Stars.uexp" 527
"../../../Engine/Content/EngineSky/T_Sky_Stars.ubulk" 528
"C:/Users/Govan/Documents/Unreal Projects/iconiccubegame/Content/Core/Materials/M_Basic.uasset" 529
"C:/Users/Govan/Documents/Unreal Projects/iconiccubegame/Content/Core/Materials/M_Basic.uexp" 530
"C:/Users/Govan/Documents/Unreal Projects/iconiccubegame/Content/Core/Meshes/SM_Cube_1M.uasset" 531
"C:/Users/Govan/Documents/Unreal Projects/iconiccubegame/Content/Core/Meshes/SM_Cube_1M.uexp" 532
"../../../Engine/Content/EngineSky/T_Sky_Blue.uasset" 533
"../../../Engine/Content/EngineSky/T_Sky_Blue.uexp" 534
"../../../Engine/Content/EngineSky/T_Sky_Blue.ubulk" 535
"../../../Engine/Content/EngineSky/M_Sky_Panning_Clouds2.uasset" 536
"../../../Engine/Content/EngineSky/M_Sky_Panning_Clouds2.uexp" 537
"../../../Engine/Content/EngineSky/SM_SkySphere.uasset" 538
"../../../Engine/Content/EngineSky/SM_SkySphere.uexp" 539
"../../../Engine/Content/EngineSky/C_Sky_Zenith_Color.uasset" 540
"../../../Engine/Content/EngineSky/C_Sky_Zenith_Color.uexp" 541
"../../../Engine/Content/EngineSky/C_Sky_Horizon_Color.uasset" 542
"../../../Engine/Content/EngineSky/C_Sky_Horizon_Color.uexp" 543
"../../../Engine/Content/EngineSky/C_Sky_Cloud_Color.uasset" 544
"../../../Engine/Content/EngineSky/C_Sky_Cloud_Color.uexp" 545
"../../../Engine/Content/EditorBlueprintResources/StandardMacros.uasset" 546
"../../../Engine/Content/EditorBlueprintResources/StandardMacros.uexp" 547
"../../../Engine/Content/EngineSky/BP_Sky_Sphere.uasset" 548
"../../../Engine/Content/EngineSky/BP_Sky_Sphere.uexp" 549
"C:/Users/Govan/Documents/Unreal Projects/iconiccubegame/Content/IconicCubeGame/Level_Sewer/L_Sewer_TestBuild_BuiltData.uasset" 550
"C:/Users/Govan/Documents/Unreal Projects/iconiccubegame/Content/IconicCubeGame/Level_Sewer/L_Sewer_TestBuild_BuiltData.uexp" 551
"C:/Users/Govan/Documents/Unreal Projects/iconiccubegame/Content/IconicCubeGame/Level_Sewer/L_Sewer_TestBuild_BuiltData.ubulk" 552
"C:/Users/Govan/Documents/Unreal Projects/iconiccubegame/Content/IconicCubeGame/Entity/Enemy/Meshes/textures/stationary/Bronion_Bronion_OcclusionRoughnessMetallic.uasset" 553
"C:/Users/Govan/Documents/Unreal Projects/iconiccubegame/Content/IconicCubeGame/Entity/Enemy/Meshes/textures/stationary/Bronion_Bronion_OcclusionRoughnessMetallic.uexp" 554
"C:/Users/Govan/Documents/Unreal Projects/iconiccubegame/Content/IconicCubeGame/Entity/Enemy/Meshes/textures/stationary/Bronion_Bronion_OcclusionRoughnessMetallic.ubulk" 555
"C:/Users/Govan/Documents/Unreal Projects/iconiccubegame/Content/IconicCubeGame/Entity/Enemy/Meshes/textures/stationary/Bronion_Bronion_Normal.uasset" 556
"C:/Users/Govan/Documents/Unreal Projects/iconiccubegame/Content/IconicCubeGame/Entity/Enemy/Meshes/textures/stationary/Bronion_Bronion_Normal.uexp" 557
"C:/Users/Govan/Documents/Unreal Projects/iconiccubegame/Content/IconicCubeGame/Entity/Enemy/Meshes/textures/stationary/Bronion_Bronion_Normal.ubulk" 558
"C:/Users/Govan/Documents/Unreal Projects/iconiccubegame/Content/IconicCubeGame/Entity/Enemy/Meshes/textures/stationary/Bronion_Bronion_BaseColor.uasset" 559
"C:/Users/Govan/Documents/Unreal Projects/iconiccubegame/Content/IconicCubeGame/Entity/Enemy/Meshes/textures/stationary/Bronion_Bronion_BaseColor.uexp" 560
"C:/Users/Govan/Documents/Unreal Projects/iconiccubegame/Content/IconicCubeGame/Entity/Enemy/Meshes/textures/stationary/Bronion_Bronion_BaseColor.ubulk" 561
"C:/Users/Govan/Documents/Unreal Projects/iconiccubegame/Content/IconicCubeGame/Entity/Enemy/Meshes/textures/stationary.uasset" 562
"C:/Users/Govan/Documents/Unreal Projects/iconiccubegame/Content/IconicCubeGame/Entity/Enemy/Meshes/textures/stationary.uexp" 563
"C:/Users/Govan/Documents/Unreal Projects/iconiccubegame/Content/IconicCubeGame/Entity/Enemy/Meshes/SM_Enemy_BRStationary.uasset" 564
"C:/Users/Govan/Documents/Unreal Projects/iconiccubegame/Content/IconicCubeGame/Entity/Enemy/Meshes/SM_Enemy_BRStationary.uexp" 565
"C:/Users/Govan/Documents/Unreal Projects/iconiccubegame/Content/IconicCubeGame/Entity/Enemy/Meshes/textures/default/Bronion_Defult_Standard_Bronion_OcclusionRoughnessMetallic.uasset" 566
"C:/Users/Govan/Documents/Unreal Projects/iconiccubegame/Content/IconicCubeGame/Entity/Enemy/Meshes/textures/default/Bronion_Defult_Standard_Bronion_OcclusionRoughnessMetallic.uexp" 567
"C:/Users/Govan/Documents/Unreal Projects/iconiccubegame/Content/IconicCubeGame/Entity/Enemy/Meshes/textures/default/Bronion_Defult_Standard_Bronion_OcclusionRoughnessMetallic.ubulk" 568
"C:/Users/Govan/Documents/Unreal Projects/iconiccubegame/Content/IconicCubeGame/Entity/Enemy/Meshes/textures/default/Bronion_Defult_Standard_Bronion_Normal.uasset" 569
"C:/Users/Govan/Documents/Unreal Projects/iconiccubegame/Content/IconicCubeGame/Entity/Enemy/Meshes/textures/default/Bronion_Defult_Standard_Bronion_Normal.uexp" 570
"C:/Users/Govan/Documents/Unreal Projects/iconiccubegame/Content/IconicCubeGame/Entity/Enemy/Meshes/textures/default/Bronion_Defult_Standard_Bronion_Normal.ubulk" 571
"C:/Users/Govan/Documents/Unreal Projects/iconiccubegame/Content/IconicCubeGame/Entity/Enemy/Meshes/textures/default/Bronion_Defult_Standard_Bronion_BaseColor.uasset" 572
"C:/Users/Govan/Documents/Unreal Projects/iconiccubegame/Content/IconicCubeGame/Entity/Enemy/Meshes/textures/default/Bronion_Defult_Standard_Bronion_BaseColor.uexp" 573
"C:/Users/Govan/Documents/Unreal Projects/iconiccubegame/Content/IconicCubeGame/Entity/Enemy/Meshes/textures/default/Bronion_Defult_Standard_Bronion_BaseColor.ubulk" 574
"C:/Users/Govan/Documents/Unreal Projects/iconiccubegame/Content/IconicCubeGame/Entity/Enemy/Meshes/textures/default.uasset" 575
"C:/Users/Govan/Documents/Unreal Projects/iconiccubegame/Content/IconicCubeGame/Entity/Enemy/Meshes/textures/default.uexp" 576
"C:/Users/Govan/Documents/Unreal Projects/iconiccubegame/Content/IconicCubeGame/Entity/Enemy/Meshes/SM_Enemy_BRInfector.uasset" 577
"C:/Users/Govan/Documents/Unreal Projects/iconiccubegame/Content/IconicCubeGame/Entity/Enemy/Meshes/SM_Enemy_BRInfector.uexp" 578
"C:/Users/Govan/Documents/Unreal Projects/iconiccubegame/Content/IconicCubeGame/Cubie/Meshes/SM_Cubie_Basic.uasset" 579
"C:/Users/Govan/Documents/Unreal Projects/iconiccubegame/Content/IconicCubeGame/Cubie/Meshes/SM_Cubie_Basic.uexp" 580
"C:/Users/Govan/Documents/Unreal Projects/iconiccubegame/Content/IconicCubeGame/Collect/Textures/T_Icon_Collect_Part.uasset" 581
"C:/Users/Govan/Documents/Unreal Projects/iconiccubegame/Content/IconicCubeGame/Collect/Textures/T_Icon_Collect_Part.uexp" 582
"C:/Users/Govan/Documents/Unreal Projects/iconiccubegame/Content/IconicCubeGame/Collect/Textures/T_Icon_Collect_Part.ubulk" 583
"C:/Users/Govan/Documents/Unreal Projects/iconiccubegame/Content/IconicCubeGame/Collect/Data/ECollectFollowType.uasset" 584
"C:/Users/Govan/Documents/Unreal Projects/iconiccubegame/Content/IconicCubeGame/Collect/Data/ECollectFollowType.uexp" 585
"C:/Users/Govan/Documents/Unreal Projects/iconiccubegame/Content/IconicCubeGame/Collect/Curves/Curve_Collect_Statue_Hover_Float.uasset" 586
"C:/Users/Govan/Documents/Unreal Projects/iconiccubegame/Content/IconicCubeGame/Collect/Curves/Curve_Collect_Statue_Hover_Float.uexp" 587
"C:/Users/Govan/Documents/Unreal Projects/iconiccubegame/Content/IconicCubeGame/Collect/Curves/Curve_Collect_Part_Hover_Float.uasset" 588
"C:/Users/Govan/Documents/Unreal Projects/iconiccubegame/Content/IconicCubeGame/Collect/Curves/Curve_Collect_Part_Hover_Float.uexp" 589
"C:/Users/Govan/Documents/Unreal Projects/iconiccubegame/Content/IconicCubeGame/Collect/Curves/Curve_Collect_Leaf_Hover_Float.uasset" 590
"C:/Users/Govan/Documents/Unreal Projects/iconiccubegame/Content/IconicCubeGame/Collect/Curves/Curve_Collect_Leaf_Hover_Float.uexp" 591
"C:/Users/Govan/Documents/Unreal Projects/iconiccubegame/Content/IconicCubeGame/Collect/Curves/Curve_Collect_Battery_Hover_Float.uasset" 592
"C:/Users/Govan/Documents/Unreal Projects/iconiccubegame/Content/IconicCubeGame/Collect/Curves/Curve_Collect_Battery_Hover_Float.uexp" 593
"C:/Users/Govan/Documents/Unreal Projects/iconiccubegame/Content/IconicCubeGame/Cubie/Blueprints/ECubieUpgrades.uasset" 594
"C:/Users/Govan/Documents/Unreal Projects/iconiccubegame/Content/IconicCubeGame/Cubie/Blueprints/ECubieUpgrades.uexp" 595
"../../../Engine/Content/EditorResources/EmptyActor.uasset" 596
"../../../Engine/Content/EditorResources/EmptyActor.uexp" 597
"C:/Users/Govan/Documents/Unreal Projects/iconiccubegame/Content/IconicCubeGame/Collect/Data/ECollectType.uasset" 598
"C:/Users/Govan/Documents/Unreal Projects/iconiccubegame/Content/IconicCubeGame/Collect/Data/ECollectType.uexp" 599
"C:/Users/Govan/Documents/Unreal Projects/iconiccubegame/Content/IconicCubeGame/Collect/Data/ECollectLevel.uasset" 600
"C:/Users/Govan/Documents/Unreal Projects/iconiccubegame/Content/IconicCubeGame/Collect/Data/ECollectLevel.uexp" 601
"C:/Users/Govan/Documents/Unreal Projects/iconiccubegame/Content/IconicCubeGame/Collect/Data/SCollectData.uasset" 602
"C:/Users/Govan/Documents/Unreal Projects/iconiccubegame/Content/IconicCubeGame/Collect/Data/SCollectData.uexp" 603
"C:/Users/Govan/Documents/Unreal Projects/iconiccubegame/Content/IconicCubeGame/CoreGameBlueprints/BP_IconicCubeGame_SaveGame.uasset" 604
"C:/Users/Govan/Documents/Unreal Projects/iconiccubegame/Content/IconicCubeGame/CoreGameBlueprints/BP_IconicCubeGame_SaveGame.uexp" 605
"C:/Users/Govan/Documents/Unreal Projects/iconiccubegame/Content/IconicCubeGame/CoreGameBlueprints/SLevelMetadata.uasset" 606
"C:/Users/Govan/Documents/Unreal Projects/iconiccubegame/Content/IconicCubeGame/CoreGameBlueprints/SLevelMetadata.uexp" 607
"C:/Users/Govan/Documents/Unreal Projects/iconiccubegame/Content/IconicCubeGame/CoreGameBlueprints/DT_LevelDictionary.uasset" 608
"C:/Users/Govan/Documents/Unreal Projects/iconiccubegame/Content/IconicCubeGame/CoreGameBlueprints/DT_LevelDictionary.uexp" 609
"C:/Users/Govan/Documents/Unreal Projects/iconiccubegame/Content/IconicCubeGame/CoreGameBlueprints/BP_IconicCubeGame_GameInstance.uasset" 610
"C:/Users/Govan/Documents/Unreal Projects/iconiccubegame/Content/IconicCubeGame/CoreGameBlueprints/BP_IconicCubeGame_GameInstance.uexp" 611
"C:/Users/Govan/Documents/Unreal Projects/iconiccubegame/Content/IconicCubeGame/Collect/Blueprints/BP_Collect_Parent.uasset" 612
"C:/Users/Govan/Documents/Unreal Projects/iconiccubegame/Content/IconicCubeGame/Collect/Blueprints/BP_Collect_Parent.uexp" 613
"C:/Users/Govan/Documents/Unreal Projects/iconiccubegame/Content/IconicCubeGame/Collect/Blueprints/BP_Collect_Part.uasset" 614
"C:/Users/Govan/Documents/Unreal Projects/iconiccubegame/Content/IconicCubeGame/Collect/Blueprints/BP_Collect_Part.uexp" 615
"C:/Users/Govan/Documents/Unreal Projects/iconiccubegame/Content/IconicCubeGame/Collect/Blueprints/BP_Collect_Manager.uasset" 616
"C:/Users/Govan/Documents/Unreal Projects/iconiccubegame/Content/IconicCubeGame/Collect/Blueprints/BP_Collect_Manager.uexp" 617
"C:/Users/Govan/Documents/Unreal Projects/iconiccubegame/Content/IconicCubeGame/Level_Sewer/L_Sewer_TestBuild.uexp" 618
"C:/Users/Govan/Documents/Unreal Projects/iconiccubegame/Content/IconicCubeGame/Level_Sewer/L_Sewer_TestBuild.umap" 619
